Arguments: 
  /home/berkeanna/.nvm/versions/node/v16.14.2/bin/node /home/berkeanna/.cache/node/corepack/yarn/1.22.19/bin/yarn.js add react-router-dom

PATH: 
  /home/berkeanna/.vscode-server/bin/6c3e3dba23e8fadc360aed75ce363ba185c49794/bin/remote-cli:/home/berkeanna/.nvm/versions/node/v16.14.2/bin:/usr/local/sbin:/usr/local/bin:/usr/sbin:/usr/bin:/sbin:/bin:/usr/games:/usr/local/games:/usr/lib/wsl/lib:/mnt/c/Program Files/Java/jdk-11.0.15/bin:/mnt/c/Python310/:/mnt/c/Program Files/Common Files/Oracle/Java/javapath:/mnt/c/Python27/:/mnt/c/Python27/Scripts:/mnt/c/Windows/system32:/mnt/c/Windows:/mnt/c/Windows/System32/Wbem:/mnt/c/Windows/System32/WindowsPowerShell/v1.0/:/mnt/c/Windows/System32/OpenSSH/:/mnt/c/Program Files/PostgreSQL/14/pgAdmin 4/bin:/mnt/c/Program Files/PostgreSQL/14/bin:/mnt/c/Program Files/Git/cmd:/mnt/c/Users/oracle_instantc:/mnt/c/Users/apache-maven-3.8.5/bin:/mnt/c/sqlite3:/mnt/c/oracle_instant_client:/mnt/c/ProgramData/chocolatey/bin:/mnt/c/Program Files/nodejs/:/mnt/c/Users/apache-maven-3.8.5bin:/mnt/c/Program Files/CMake/bin:/mnt/c/Program Files/dotnet/:/mnt/c/Users/javafx-sdk-18/lib:/mnt/c/Program Files/Calibre2/:/mnt/c/Users/Anna/scoop/shims:/mnt/c/Program Files/MySQL/MySQL Shell 8.0/bin/:/mnt/c/Users/Anna/AppData/Local/Microsoft/WindowsApps:/mnt/c/Program Files/heroku/bin:/mnt/d/Microsoft VS Code/bin:/mnt/c/Users/Anna/AppData/Roaming/npm:/mnt/c/Users/Anna/.dotnet/tools:/mnt/c/xampp/php:/mnt/c/Users/Anna/AppData/Local/ComposerSetup/bin:/mnt/c/Users/Anna/AppData/Roaming/Composer/vendor/bin:/mnt/c/Users/Anna/symfony-cli/symfony:/mnt/c/Users/Anna/scoop:/snap/bin

Yarn version: 
  1.22.19

Node version: 
  16.14.2

Platform: 
  linux x64

Trace: 
  SyntaxError: /home/berkeanna/.cache/yarn/v6/npm-debug-2.6.9-5d128515df134ff327e90a4c93f4e077a536341f-integrity/node_modules/debug/.yarn-metadata.json: Unexpected end of JSON input
      at JSON.parse (<anonymous>)
      at /home/berkeanna/.cache/node/corepack/yarn/1.22.19/lib/cli.js:1629:59
      at Generator.next (<anonymous>)
      at step (/home/berkeanna/.cache/node/corepack/yarn/1.22.19/lib/cli.js:310:30)
      at /home/berkeanna/.cache/node/corepack/yarn/1.22.19/lib/cli.js:321:13

npm manifest: 
  {
    "name": "eth-marketplace",
    "version": "0.1.0",
    "description": "An Ethereum Marketplace",
    "author": "gregory@dappuniversity.com",
    "dependencies": {
      "babel-polyfill": "6.26.0",
      "babel-preset-env": "1.7.0",
      "babel-preset-es2015": "6.24.1",
      "babel-preset-stage-2": "6.24.1",
      "babel-preset-stage-3": "6.24.1",
      "babel-register": "6.26.0",
      "bootstrap": "4.3.1",
      "chai": "4.2.0",
      "chai-as-promised": "7.1.1",
      "chai-bignumber": "3.0.0",
      "react": "16.8.4",
      "react-bootstrap": "1.0.0-beta.5",
      "react-dom": "16.8.4",
      "react-router-dom": "^6.15.0",
      "react-scripts": "2.1.3",
      "truffle": "^5.0.5",
      "web3": "1.0.0-beta.55"
    },
    "scripts": {
      "start": "react-scripts start",
      "build": "react-scripts build",
      "test": "react-scripts test",
      "eject": "react-scripts eject"
    },
    "eslintConfig": {
      "extends": "react-app"
    },
    "browserslist": [
      ">0.2%",
      "not dead",
      "not ie <= 11",
      "not op_mini all"
    ]
  }

yarn manifest: 
  No manifest

Lockfile: 
  No lockfile
